<?xml version="1.0" encoding="UTF-8"?>
<!-- Generated by org.testng.reporters.JUnitReportReporter -->
<testsuite hostname="DESKTOP-2C8R7AO" failures="0" tests="1" name="com.zomentum.testCases.TC001_Login" time="30.435" errors="0" timestamp="2021-02-02T12:04:45 IST" skipped="0">
  <testcase classname="com.zomentum.testCases.TC001_Login" name="login" time="30.435"/>
  <system-out/>
</testsuite> <!-- com.zomentum.testCases.TC001_Login -->
